<?xml version="1.0" encoding="UTF-8"?>
<!-- Generated by org.testng.reporters.JUnitReportReporter -->
<testsuite hostname="DESKTOP-D08V9LL" failures="0" tests="1" name="testscript.AdminUsersAddTest" time="13.066" errors="0" timestamp="2024-12-09T20:22:06 IST" skipped="0">
  <testcase classname="testscript.AdminUsersAddTest" name="verifyifAlertAppearsForNAmeThatAlreadyExist" time="13.066"/>
  <system-out/>
</testsuite> <!-- testscript.AdminUsersAddTest -->
