<?xml version="1.0" encoding="UTF-8"?>
<!-- Generated by org.testng.reporters.JUnitReportReporter -->
<testsuite hostname="DESKTOP-D08V9LL" failures="0" tests="1" name="testscript.HomeTest" time="11.054" errors="0" timestamp="2024-12-09T10:40:39 IST" skipped="0">
  <testcase classname="testscript.HomeTest" name="verifyifUserIsAbleToLogOut" time="11.054"/>
  <system-out/>
</testsuite> <!-- testscript.HomeTest -->
