<?xml version="1.0" encoding="UTF-8"?>
<!-- Generated by org.testng.reporters.JUnitReportReporter -->
<testsuite hostname="DESKTOP-D08V9LL" failures="0" tests="1" name="testscript.ManageNewsTest" time="12.428" errors="0" timestamp="2024-12-09T14:38:44 IST" skipped="0">
  <testcase classname="testscript.ManageNewsTest" name="verifyifAdminIsAbletoaddnewuser" time="12.428"/>
  <system-out/>
</testsuite> <!-- testscript.ManageNewsTest -->
