<?xml version="1.0" encoding="UTF-8"?>
<!-- Generated by org.testng.reporters.JUnitReportReporter -->
<testsuite hostname="DESKTOP-6LNL8LB" failures="0" tests="1" name="testscript.AdminUserSearch7rTest" time="20.470" errors="0" timestamp="2024-12-02T11:20:41 IST" skipped="0">
  <testcase classname="testscript.AdminUserSearch7rTest" name="searchpge" time="20.470"/>
  <system-out/>
</testsuite> <!-- testscript.AdminUserSearch7rTest -->
