<?xml version="1.0" encoding="UTF-8"?>
<!-- Generated by org.testng.reporters.JUnitReportReporter -->
<testsuite hostname="DESKTOP-6LNL8LB" failures="0" tests="1" name="testscript.Base" time="5.583" errors="0" timestamp="2024-11-28T13:35:32 IST" skipped="0">
  <testcase classname="testscript.Base" name="beforeMethod" time="5.583"/>
  <system-out/>
</testsuite> <!-- testscript.Base -->
